# JRE version: OpenJDK Runtime Environment (17.0.6) (build 17.0.6+0-b2043.56-9586694)
# Java VM: OpenJDK 64-Bit Server VM (17.0.6+0-b2043.56-9586694, mixed mode, tiered, compressed oops, compressed class ptrs, g1 gc, windows-amd64)
GC Precious Log:
 CPUs: 8 total, 8 available
 Memory: 16259M
 Large Page Support: Disabled
 NUMA Support: Disabled
 Compressed Oops: Enabled (32-bit)
 Heap Region Size: 1M
 Heap Min Capacity: 256M
 Heap Initial Capacity: 256M
 Heap Max Capacity: 512M
 Pre-touch: Disabled
 Parallel Workers: 8
 Concurrent Workers: 2
 Concurrent Refinement Workers: 8
 Periodic GC: Disabled
Heap:
 garbage-first heap   total 262144K, used 173265K [0x00000000e0000000, 0x0000000100000000)
  region size 1024K, 123 young (125952K), 10 survivors (10240K)
 Metaspace       used 50492K, committed 50944K, reserved 262144K
  class space    used 6748K, committed 6976K, reserved 212992K
GC Heap History (10 events):
Event: 1.002 GC heap before
{Heap before GC invocations=0 (full 0):
 garbage-first heap   total 262144K, used 28672K [0x00000000e0000000, 0x0000000100000000)
  region size 1024K, 23 young (23552K), 0 survivors (0K)
 Metaspace       used 10219K, committed 10432K, reserved 229376K
  class space    used 1057K, committed 1152K, reserved 212992K
}
Event: 1.007 GC heap after
{Heap after GC invocations=1 (full 0):
 garbage-first heap   total 262144K, used 9069K [0x00000000e0000000, 0x0000000100000000)
  region size 1024K, 3 young (3072K), 3 survivors (3072K)
 Metaspace       used 10219K, committed 10432K, reserved 229376K
  class space    used 1057K, committed 1152K, reserved 212992K
}
Event: 1.374 GC heap before
{Heap before GC invocations=1 (full 0):
 garbage-first heap   total 262144K, used 37741K [0x00000000e0000000, 0x0000000100000000)
  region size 1024K, 31 young (31744K), 3 survivors (3072K)
 Metaspace       used 11174K, committed 11392K, reserved 229376K
  class space    used 1160K, committed 1280K, reserved 212992K
}
Event: 1.378 GC heap after
{Heap after GC invocations=2 (full 0):
 garbage-first heap   total 262144K, used 13405K [0x00000000e0000000, 0x0000000100000000)
  region size 1024K, 4 young (4096K), 4 survivors (4096K)
 Metaspace       used 11174K, committed 11392K, reserved 229376K
  class space    used 1160K, committed 1280K, reserved 212992K
}
Event: 2.237 GC heap before
{Heap before GC invocations=2 (full 0):
 garbage-first heap   total 262144K, used 51293K [0x00000000e0000000, 0x0000000100000000)
  region size 1024K, 42 young (43008K), 4 survivors (4096K)
 Metaspace       used 21274K, committed 21504K, reserved 237568K
  class space    used 2573K, committed 2688K, reserved 212992K
}
Event: 2.242 GC heap after
{Heap after GC invocations=3 (full 0):
 garbage-first heap   total 262144K, used 17496K [0x00000000e0000000, 0x0000000100000000)
  region size 1024K, 8 young (8192K), 8 survivors (8192K)
 Metaspace       used 21274K, committed 21504K, reserved 237568K
  class space    used 2573K, committed 2688K, reserved 212992K
}
Event: 9.886 GC heap before
{Heap before GC invocations=4 (full 0):
 garbage-first heap   total 262144K, used 129112K [0x00000000e0000000, 0x0000000100000000)
  region size 1024K, 89 young (91136K), 8 survivors (8192K)
 Metaspace       used 33021K, committed 33408K, reserved 245760K
  class space    used 4590K, committed 4800K, reserved 212992K
}
Event: 9.897 GC heap after
{Heap after GC invocations=5 (full 0):
 garbage-first heap   total 262144K, used 55612K [0x00000000e0000000, 0x0000000100000000)
  region size 1024K, 12 young (12288K), 12 survivors (12288K)
 Metaspace       used 33021K, committed 33408K, reserved 245760K
  class space    used 4590K, committed 4800K, reserved 212992K
}
Event: 10.225 GC heap before
{Heap before GC invocations=5 (full 0):
 garbage-first heap   total 262144K, used 70972K [0x00000000e0000000, 0x0000000100000000)
  region size 1024K, 28 young (28672K), 12 survivors (12288K)
 Metaspace       used 35645K, committed 35968K, reserved 245760K
  class space    used 4985K, committed 5120K, reserved 212992K
}
Event: 10.232 GC heap after
{Heap after GC invocations=6 (full 0):
 garbage-first heap   total 262144K, used 56529K [0x00000000e0000000, 0x0000000100000000)
  region size 1024K, 10 young (10240K), 10 survivors (10240K)
 Metaspace       used 35645K, committed 35968K, reserved 245760K
  class space    used 4985K, committed 5120K, reserved 212992K
}

